65.337234
146.571304
166.681396
136.126007
77.636604
108.942139
123.503685
97.581505
93.187637
121.442207
141.076096
168.127365
110.952118
98.428551
135.988968
124.963127
130.180603
71.916008
91.153656
103.207230
106.354523
115.789246
107.742088
143.344086
80.098404
162.380768
125.859825
94.021942
111.819275
93.292618
115.318932
141.723465
147.897705
140.138489
106.861664
164.876846
77.778641
69.741493
61.982754
167.002014
149.562073
169.764648
129.661392
166.634033
156.831207
149.760971
120.046539
122.477066
96.052826
148.631851
180.020737
96.321007
71.469215
101.791092
154.596344
141.510468
107.483994
140.215775
153.904678
108.147018
120.953285
89.614311
88.091606
131.685486
122.764816
79.630806
199.644547
148.132446
120.095306
164.490311
134.064789
98.970543
117.573517
128.020050
90.619812
159.550110
158.466827
142.166794
108.923729
142.317276
176.623688
124.590500
164.851669
155.225098
123.818069
181.058014
154.775055
94.474991
129.053314
90.250328
179.615753
139.423859
84.398727
165.765869
134.173920
144.636353
117.576355
157.345444
126.783455
117.515297
147.538193
128.975540
161.121902
144.460602
114.946556
145.542511
108.364708
122.692657
195.988037
123.858795
94.383217
143.180130
126.498329
97.768288
108.711952
118.634506
147.206512
162.170425
123.807587
133.800461
95.075233
73.403015
163.308075
96.244629
81.871498
136.990906
129.396286
165.249649
150.358780
142.341187
129.403503
140.016495
165.009781
165.493698
164.708115
134.321243
137.193756
162.813431
130.560059
200.124817
137.905594
95.863075
107.558006
139.426910
158.707352
182.150818
170.764404
109.460167
170.478088
190.808899
126.194992
106.795006
131.801651
95.234451
117.470459
134.826004
134.969131
142.412018
86.140160
145.280914
145.042908
109.010246
101.456039
138.892868
87.684570
171.451828
131.978333
174.170303
128.565292
104.895485
170.641678
153.304962
148.988556
135.881882
87.084465
117.560173
163.515335
126.827621
135.998383
117.938339
145.451080
75.184250
131.799683
189.843399
143.104263
148.567398
83.761963
170.341446
119.975533
135.461578
147.662781
185.130142
136.068710
135.533783
109.777702
107.404327
133.879425
109.435638
138.712891
127.465271
122.320923
166.670670
112.766083
146.986786
107.040733
114.854004
153.398468
153.489670
75.326103
154.252594
125.269997
142.631454
165.397995
60.378216
145.340271
224.236145
164.444321
150.322311
108.773178
146.748367
111.570297
172.054214
142.667542
116.329903
141.673218
102.999435
184.879868
227.719299
108.880646
170.532852
133.532257
169.884827
152.149551
189.093994
133.637238
122.751175
99.527939
105.898544
141.622528
134.848175
139.557373
168.471619
141.962601
127.430168
79.626549
151.965363
107.725754
115.173729
95.376518
187.042053
278.677368
118.184952
141.678955
199.729935
88.985512
105.398392
93.657227
207.916412
111.824692
140.887405
111.859146
86.679741
129.471344
174.335129
162.814301
132.325974
157.461899
131.635971
104.218246
100.569427
169.987534
139.359894
113.347466
100.937134
119.518097
139.438004
128.748093
155.136108
166.210663
116.437134
188.732193
146.119217
134.260315
86.518631
104.792656
143.896301
222.672272
87.992249
147.767639
94.960556
143.346344
123.530884
181.776962
114.283340
112.472794
185.680923
121.073944
143.746948
144.999527
121.300941
153.685898
96.467453
111.255783
110.156662
107.948448
131.229752
170.419983
146.987061
166.614929
104.780785
152.117081
120.821327
109.551346
173.626495
145.037140
113.456337
88.157486
181.969666
129.848938
197.246017
124.417175
89.038834
134.954803
125.444305
132.128708
135.425995
183.334213
96.520874
92.302330
171.890091
145.959747
151.487091
118.584435
152.529037
280.576019
68.521164
130.006622
122.759468
105.259964
154.941315
140.259201
108.197311
102.761459
166.358841
118.567024
118.398941
111.695526
118.016045
121.618011
171.709396
243.595612
131.865616
116.256058
91.929077
107.674118
91.964607
123.375740
141.576202
126.409149
135.959869
159.013855
77.911163
101.404343
116.475037
118.400467
103.449074
109.364479
132.594742
165.235977
82.129913
69.819397
163.988419
127.305069
189.154755
61.929832
110.560501
125.523735
161.279694
166.996765
119.675461
120.419083
134.847137
124.131836
102.129936
190.019852
196.268982
209.088715
141.450684
102.382401
122.279800
122.067345
121.044289
157.193985
124.647026
118.309586
135.862015
69.105110
103.631203
102.018517
86.768959
93.965210
161.184769
118.801147
117.120773
48.063572
146.594391
171.388062
170.805466
143.196274
130.814590
186.641220
106.029411
93.240471
128.917282
169.624466
157.156723
107.029762
160.596039
168.410065
141.539841
155.756973
148.239624
116.934769
156.470078
76.714645
111.480881
120.150742
149.471375
124.632866
194.926834
86.081047
119.344719
104.279587
186.587784
95.618034
224.450104
97.789764
138.012131
164.990768
157.492874
163.193039
152.706589
130.027603
190.833862
110.630104
123.655640
129.589050
109.721016
107.168381
124.860092
126.511826
171.651917
113.644669
103.493988
162.403702
130.811325
73.232071
112.400269
104.076393
99.896362
136.513321
102.271233
129.704834
197.457306
98.957581
119.264511
142.503036
139.063187
128.835663
143.376816
207.884949
124.943054
97.069633
116.650475
70.851753
125.132927
97.072441
139.557129
117.834671
162.023193
98.522087
148.465927
86.294861
143.720566
81.907761
158.505920
160.548813
133.745010
121.903130
130.501373
184.619751
74.954041
143.698883
123.924126
121.645340
125.484871
128.690582
171.981247
130.797043
108.409531
113.946709
161.012939
127.681427
162.680603
163.782349
170.804504
151.572052
84.344078
93.792831
101.600464
110.706726
138.487823
125.479515
149.054916
102.417244
137.437424
74.354042
106.887459
149.569672
152.649002
88.976509
121.545563
162.172806
123.573593
171.267792
141.930496
88.442528
144.167831
134.050064
159.208801
124.959587
159.118515
152.093719
124.361740
131.494812
106.663422
77.030975
163.077759
167.657990
119.476074
117.794037
147.675751
138.305191
136.559937
139.663681
186.620728
115.521873
133.628494
83.454880
128.365128
123.283577
114.636856
119.805389
133.041946
183.188660
96.528557
116.331955
165.372162
168.379639
171.147949
94.272621
94.122612
130.291519
152.588333
136.841309
135.681580
129.150574
97.303894
134.863556
132.773315
109.446503
149.039642
80.352463
179.936234
139.005371
145.269592
102.357460
165.223434
182.471237
60.778683
129.342758
62.320507
125.754494
173.534424
114.862083
144.383728
112.587219
117.918297
97.331604
121.548271
122.710228
145.650665
97.719719
115.938103
104.541077
172.057678
145.323425
200.175781
99.235138
157.747681
152.674118
168.326248
105.170799
197.057678
122.238365
91.349861
174.717697
156.841827
134.001694
155.088699
86.291512
86.977287
96.918930
93.030960
101.634056
147.904617
138.262817
116.935616
124.736412
137.735550
109.914597
92.389297
149.122238
130.923981
123.913948
136.686584
93.913933
153.909149
204.916046
141.882904
194.085342
148.867645
78.319420
89.504791
145.448517
184.589554
133.368484
125.219322
164.850800
140.995667
125.880516
107.375717
167.402924
146.115448
122.408447
178.019470
179.230682
114.125938
166.584656
159.640198
90.950714
90.875793
160.157730
143.340012
103.645592
194.584763
157.851074
218.594406
134.630341
120.475136
143.698196
95.958847
123.537498
93.701256
136.526321
146.617981
116.292084
127.464935
102.271561
89.224312
149.952332
131.478912
114.721840
93.287262
119.228035
147.720062
158.569107
163.416260
154.431183
113.170837
91.096191
135.863602
153.738602
160.862244
179.140640
120.251839
103.329498
101.118561
145.024414
144.987335
169.189758
222.339478
153.446030
172.428238
122.705254
114.846016
147.290085
155.042725
100.671394
118.310341
108.845787
140.253799
149.705780
150.096542
110.493820
170.528168
150.667511
124.443459
153.713089
151.223755
184.755463
104.094154
111.733574
158.773193
176.095261
146.172974
132.125763
199.063705
151.249100
130.993454
106.295036
91.881378
122.699173
92.220978
120.081566
117.673874
138.107117
137.745895
139.705185
146.519241
148.454437
150.578583
92.698227
62.694237
168.011185
102.236679
140.773987
94.353195
183.614807
131.345215
149.842194
132.779938
43.725445
144.504944
159.703751
114.068695
185.886261
111.368767
103.605331
196.602936
139.698761
163.866821
176.689926
66.047928
90.320618
126.731796
178.516846
148.175293
113.471313
171.705429
181.167633
117.443718
93.170265
120.017189
119.247658
158.904770
106.016808
70.483742
163.981384
63.833256
83.342224
112.936226
169.942368
107.641548
143.515747
152.482834
138.443863
147.869629
101.999641
138.789352
81.390800
109.143326
114.074707
107.725266
126.354080
194.411606
145.560196
107.804703
129.098083
153.863403
137.648727
154.785904
134.615723
72.803993
114.898239
77.114372
78.936440
155.949982
64.549469
126.008636
132.420288
90.574913
66.095955
127.792442
129.451981
156.826859
161.679138
128.284332
111.789703
173.687622
212.423645
152.533447
170.804962
112.100159
152.854675
84.392059
174.832504
96.784714
149.251694
143.072968
99.627785
110.975952
223.962830
151.204300
185.889008
89.904518
203.399475
98.176537
93.217430
245.985443
128.289886
151.133591
174.694275
93.130234
138.039032
123.767143
122.490952
133.482010
118.864632
187.317902
125.129951
138.964371
141.112701
160.401352
183.380280
139.744614
178.694031
160.075027
103.518440
117.490913
188.817047
178.834534
122.677040
118.760056
143.605576
159.430756
178.153091
103.564522
100.578995
65.582748
83.372086
128.901978
143.899261
92.175270
88.997734
91.919212
141.731262
140.033707
90.897858
177.466995
185.336716
166.439453
114.034470
118.026314
225.249329
112.170738
141.881531
122.349709
101.558861
105.776718
89.336990
108.470604
158.786423
154.452087
142.099136
119.379532
166.084778
97.624580
109.525650
114.514618
125.798538
162.864914
114.486679
121.402679
135.703156
154.970398
76.743790
154.256348
115.909386
87.353493
125.788116
135.284439
173.086075
124.528381
173.022919
139.598434
146.589020
162.058594
115.274971
136.386475
106.863449
137.923645
113.656830
94.878860
112.460594
114.195297
119.960876
96.037056
117.011551
131.688828
91.683098
132.343506
140.548126
114.390656
120.074509
111.521019
173.087387
136.800217
165.713501
122.580154
147.791367
131.343811
146.555588
162.545441
154.398865
130.246689
203.484741
123.534538
115.879524
51.139572
97.982063
137.536865
103.108467
131.255524
111.995216
148.694656
160.055573
142.162003
158.607559
147.878311
101.542351
116.842216
108.987450
75.571556
162.833237
180.501907
91.679428
135.587219
130.919312
82.027153
139.852478
148.670776
160.700882
182.125992
107.859177
124.671387
112.229149
114.753555
127.810822
115.999855
130.138687
114.279236
77.378143
48.362793
149.858521
225.437119
122.705727
82.152115
115.057594
144.863693
117.277214
178.650528
157.716827
125.460106
96.846710
108.216118
127.109421
141.057602
157.860535
157.101013
82.011589
107.552116
89.833046
151.234695
123.045273
144.382004
93.458046
137.161011
153.378891
95.509361
133.346832
164.336212
130.876099
183.963470
191.682480
127.144035
105.862450
163.150253
72.851418
76.378220
140.953293
125.146965
146.399368
155.381302
91.561462
155.052017
127.134438
124.867798
148.992081
182.703354
120.146698
146.457932
159.550598
158.657608
