4.804337
13.347251
13.983938
12.083015
9.061285
10.416986
16.174580
14.409459
15.357500
18.875828
19.902172
26.749548
17.960552
19.572243
24.050694
23.183498
23.743229
14.794184
21.412619
21.122997
23.987131
25.513287
21.073551
28.461535
19.008682
37.528980
27.807274
21.576500
27.669441
22.898294
28.888371
30.362213
39.157906
33.824810
28.250811
45.330147
20.234127
18.622442
15.039848
53.760586
47.104996
45.101467
34.684757
41.691452
35.743671
38.669674
38.675961
33.188633
32.581955
37.285309
54.669662
31.003860
22.982376
32.180225
48.962303
41.035934
31.789328
38.542816
44.136314
37.927891
40.053703
25.524950
29.800806
48.950279
39.797535
28.294748
60.730820
47.686565
40.657818
51.232624
46.403473
39.683956
40.268879
41.946274
31.201546
48.743702
48.169636
43.616405
34.077312
47.335373
61.116234
41.608814
53.186092
57.226902
42.190224
56.174492
52.660355
35.756226
43.878075
28.447981
64.503036
48.817654
33.332497
53.827187
50.099293
49.496639
41.755058
55.176178
51.330330
42.465332
58.510593
54.783741
60.120937
61.871769
38.646137
55.490303
41.967007
46.219688
78.617645
47.638176
36.076923
55.623653
52.132755
39.081875
41.848667
50.925510
63.787994
64.080421
51.938324
48.327015
36.737129
30.275330
66.452248
41.493690
30.830067
55.451336
51.129723
66.798965
56.976212
61.279072
47.404446
54.492760
67.287178
69.774513
62.386791
59.533703
57.884464
65.890251
58.187595
75.872887
55.050137
45.076283
50.548466
63.417725
70.874344
74.640053
76.688080
47.754143
70.537720
84.439072
54.430733
45.731430
59.054535
42.736977
54.040791
58.802826
56.545162
61.863247
33.909176
59.761971
61.683052
52.552280
42.480591
62.303005
38.615826
69.975136
57.956264
75.279877
59.822601
50.319481
77.264389
75.547417
67.708633
54.561714
42.797173
49.096691
76.113518
62.064423
54.161392
52.779568
55.554134
37.833241
63.561157
85.437279
65.131081
71.265205
36.958595
75.758926
47.963268
63.615803
63.954605
80.778664
57.725971
66.072723
48.060711
48.862045
64.963585
53.581207
66.506042
59.005760
57.824013
67.968925
54.068428
61.931084
54.797501
53.673119
71.504089
65.089386
36.146851
71.415703
51.911873
64.212341
67.029175
29.567459
68.753914
98.253044
68.814644
71.652046
51.610538
74.917656
51.294323
78.209595
68.867004
50.204208
61.226349
46.786228
79.632431
101.608414
56.114510
84.822380
66.332649
86.417969
74.953781
84.304993
61.008419
64.357841
46.307796
58.064789
72.508766
64.562134
66.952789
76.202385
70.718422
66.197624
43.622810
70.234528
50.515427
65.083961
41.837051
83.617668
133.444351
59.029816
70.144867
94.228775
39.129097
56.664940
47.057617
95.135078
57.907330
69.701469
53.531227
43.788078
59.756886
88.465782
83.476715
69.901756
75.979156
61.189800
55.661522
51.189880
82.776123
72.652092
65.263687
49.533207
55.920288
69.774330
64.660461
77.733932
92.107559
61.471001
88.444725
70.129684
68.416328
45.502247
52.101215
75.429276
108.297661
43.042439
73.791267
50.439949
75.563629
66.446785
93.931343
56.489296
58.606461
93.706146
66.490921
70.673111
72.695366
60.162750
78.748894
49.267879
56.664974
59.368988
53.361263
65.520447
90.583237
78.688171
92.420502
52.546547
80.136032
63.892952
56.846306
83.591309
73.825211
62.411053
44.584454
95.429497
69.601051
94.133881
59.234814
46.585983
64.882820
65.828659
69.719727
76.841499
99.445145
55.476944
46.801208
82.525833
75.001556
82.088333
67.809875
76.036827
135.983826
37.086266
67.495590
62.823906
48.399956
84.439568
77.101860
55.784096
48.164268
90.409668
70.229385
59.669449
60.972725
64.372192
68.093216
83.800423
136.489441
71.827850
59.778065
50.185455
54.978256
50.408566
59.523991
76.598274
63.499580
74.031021
89.780014
44.536407
50.369469
63.423603
59.516521
54.845089
54.860313
73.762901
91.637924
49.216892
38.262123
85.024216
61.287903
108.262718
37.336819
62.418705
75.882439
85.063797
89.789055
68.166428
68.881737
77.535034
70.664307
53.125015
89.963348
106.098122
111.952232
80.728859
64.327942
66.481422
64.882629
62.563583
87.603783
63.646950
65.448631
80.267555
36.117702
58.760391
58.992603
47.053486
49.690617
83.037430
65.933525
63.615959
30.432709
77.987289
84.744614
93.032776
81.951729
67.476303
110.067879
60.535286
50.593765
67.200691
96.836075
85.566673
58.329769
87.826553
100.026947
73.336433
80.360008
88.888557
61.759472
85.609161
46.654984
58.495365
70.416649
92.225449
72.066284
105.136154
52.678116
62.092056
61.961834
92.010674
52.092743
122.308815
54.655033
76.972031
97.228378
87.393944
92.445610
87.253204
71.103195
101.752838
58.526039
74.961945
66.081711
63.227432
60.405083
67.587357
77.254425
89.286552
69.060890
57.726547
86.589699
68.925163
44.886284
59.195236
59.354458
54.029575
77.701927
58.145676
69.022385
106.221397
56.299255
70.071114
78.194489
81.354874
71.321213
79.488129
102.622726
72.873726
57.777790
64.367561
41.945808
69.385025
56.332680
83.790787
65.951828
94.237617
57.555637
83.156296
51.016678
83.938065
45.855892
82.913300
87.675560
76.667580
69.757317
76.093109
104.652435
42.448135
77.197166
65.267586
73.304764
71.192337
73.325989
99.820786
78.542007
57.423615
62.509701
93.585442
81.625702
91.603798
85.471550
92.385620
89.151848
48.379417
57.433514
60.861038
63.583809
77.024055
66.313805
89.019478
59.538467
77.157288
43.197220
58.290039
92.029938
92.076637
51.470734
64.133736
92.916473
66.907997
88.551094
82.862579
47.175274
75.465164
75.844925
89.953583
68.529831
89.043510
80.943924
70.280350
79.898926
63.410152
47.036278
90.817696
89.446701
73.328491
75.070847
85.481148
77.344933
75.300797
85.606369
106.035172
72.267990
77.348015
52.338554
75.366852
71.905785
65.992523
72.708107
78.576729
103.428864
55.197807
67.006737
96.250870
94.269020
99.577530
58.480465
55.384869
77.469383
88.331779
84.204453
88.195518
70.580009
60.418617
77.333847
80.872581
64.565170
92.312469
48.556019
105.036232
81.577118
84.434616
61.039936
99.775459
98.235535
36.080112
69.284607
39.423752
73.776924
106.008675
65.807167
87.583168
66.167953
69.524933
55.238518
67.343681
73.918564
89.031654
56.086254
67.330460
60.872395
99.455383
91.831146
120.843452
59.983234
99.025864
81.075821
96.783173
64.405235
114.596252
72.316208
59.870388
107.881973
92.235695
78.741699
96.249184
50.623459
50.785656
66.149414
50.716789
61.050377
86.485077
88.672577
68.699463
70.125893
74.167099
68.977875
57.489326
97.384834
76.205910
68.864838
80.170341
59.392937
94.469032
124.904961
86.902809
112.527344
83.988586
45.819695
56.953144
94.404259
104.327072
83.278961
72.879272
94.375412
87.212120
74.478355
59.433250
104.998146
85.622910
78.476112
110.556862
104.798431
73.893005
107.604752
106.956108
53.716904
55.724049
93.183228
83.675034
63.165936
116.143463
97.276962
136.669647
85.047462
69.837944
84.605392
60.937111
76.211281
55.850475
87.866997
86.862679
69.854095
77.727089
65.479004
50.500164
90.819633
84.755409
68.544388
59.687767
67.927193
88.256546
93.164268
100.040001
86.106361
66.536293
61.760406
77.772675
88.384880
97.204163
103.559242
72.509163
67.104256
65.794968
88.543228
87.262886
103.030495
135.785080
91.815628
110.548126
71.697868
73.887695
88.036560
97.912064
56.953648
71.849724
72.711670
84.774994
94.008736
93.651161
71.538200
110.115028
88.208206
75.163742
102.322243
91.322647
128.181870
64.725868
67.325195
100.451843
98.757492
92.791031
83.705963
122.291107
91.718979
92.042336
62.810966
63.229778
78.992302
53.915501
80.088715
73.260094
87.297348
82.401176
88.112877
86.820999
92.041023
91.784958
57.546722
40.477180
96.482315
68.833008
88.546280
60.558464
112.356812
76.835892
92.085899
86.600891
26.622070
94.156578
105.800987
72.862907
112.849655
70.852707
62.931183
116.164909
85.875488
105.690239
112.108315
42.608562
57.729797
81.106361
104.798401
92.204124
72.025940
108.370262
116.595207
72.110168
57.840496
78.539200
73.861198
103.910812
69.373764
48.762074
101.176628
40.821266
55.053108
72.095551
112.278152
65.115204
86.004646
94.043701
89.359207
95.883484
64.377220
90.183502
52.859425
67.703888
73.139442
64.929497
85.774887
114.985634
92.852386
69.056664
83.620056
103.845154
84.878456
104.179909
82.275871
52.104851
76.427742
51.852737
54.010700
97.750946
43.386143
83.419144
84.955322
55.891953
44.533939
83.270966
80.340836
99.802017
97.607224
84.128746
70.461861
113.100136
130.208115
99.407089
108.041237
74.991158
99.566589
55.559921
114.706902
64.284462
87.413788
86.567314
70.021507
71.533058
145.689850
94.459404
116.856445
61.386921
130.883728
67.317657
57.898178
147.810577
81.101105
93.785904
108.304886
66.024307
91.447243
78.978882
79.913338
88.780113
76.959633
113.570099
78.785057
91.579605
89.896240
107.218567
122.904045
88.102150
121.332687
110.368042
66.576096
73.571671
114.361130
110.480499
78.512871
73.070618
92.793488
93.385902
114.307899
66.871597
66.022125
39.631763
53.048363
81.769638
94.296539
63.969761
56.956020
67.069664
95.229706
84.601662
61.630226
117.584129
119.304535
111.270981
76.474579
79.937202
137.123322
67.370430
93.496628
80.255974
64.654022
69.637527
61.569378
69.945503
102.964615
99.561806
89.916519
75.736084
109.872238
60.959682
67.128372
82.712166
81.895096
95.795097
70.200096
77.380318
84.326057
94.391563
54.105309
99.762955
74.659233
60.472908
82.331085
86.688072
111.105873
77.527039
118.717613
91.481537
92.487030
101.531830
75.725792
86.390335
74.552147
88.520279
77.592781
62.322445
72.127632
71.098465
81.489761
61.891140
76.120728
82.788399
59.093105
89.108757
96.973969
75.277817
80.397026
74.585480
107.749802
94.143456
111.842171
87.752090
93.397835
83.820190
91.723686
110.955688
104.787865
77.785919
129.059082
85.244492
74.900131
32.104061
62.272030
93.919792
68.867035
84.885529
73.309608
99.415207
109.210388
100.503937
105.179741
92.172577
69.207062
72.882355
77.215515
48.432503
105.139824
116.813423
65.043755
90.558876
84.367348
59.815079
93.322426
100.673599
107.924149
112.151375
70.307831
76.718071
74.155899
79.528923
80.268066
82.317146
85.468040
77.904076
51.825928
32.056934
105.436668
152.856598
80.794937
53.748432
76.730743
94.704910
81.522484
120.631630
102.697884
82.695770
64.630493
72.167999
85.887337
92.966438
104.342453
104.577568
51.963963
69.378685
57.891022
98.908249
85.632454
96.851959
61.747501
92.480507
111.018333
65.280678
87.367546
106.652168
86.501251
111.000359
119.499214
80.332321
68.737686
102.107796
49.753139
49.109715
96.848404
83.891205
98.789360
99.530373
66.432434
99.394684
86.337189
78.226372
102.203636
121.330399
83.611481
92.565331
102.411896
107.164047
