5.283924
14.852502
16.232950
13.408821
9.534145
11.639042
17.847681
16.183556
18.006216
20.384998
24.261620
33.767879
20.757868
23.531498
29.470533
28.699076
29.305662
16.703951
24.385975
25.001806
29.102644
29.932581
26.213179
36.019314
23.210251
46.148888
35.587147
25.509018
35.716621
27.747473
35.802128
36.394180
47.492294
43.347023
35.990627
54.393784
26.659645
22.281273
20.153862
67.912727
55.950272
58.724205
44.884487
55.016293
46.443924
49.459305
49.203819
40.717499
39.675491
48.819084
68.135139
38.923916
28.713669
40.907448
63.702621
52.380417
42.552025
52.324413
57.732426
47.518047
51.256828
32.477722
37.154434
60.966778
51.691040
38.823986
78.204987
60.318150
52.470325
67.199005
57.556774
45.480999
52.406078
53.009361
38.400059
61.553852
60.609222
56.748657
43.682629
58.640717
78.949753
54.537552
69.908836
72.800644
54.437473
73.613647
66.309555
45.250023
54.547298
35.361076
82.478012
61.670994
40.593464
71.680984
64.689644
64.352470
53.423100
70.215942
62.572254
54.529797
75.526321
65.447723
75.366875
74.470749
48.924618
67.167580
51.689751
57.073757
98.537781
59.673100
43.797081
68.205658
66.624229
46.709518
51.097839
59.349430
76.536621
79.597786
62.355618
62.635563
43.930214
37.997360
83.772682
49.963287
37.819824
68.432541
63.909275
79.583435
71.119514
75.687439
59.169216
69.502861
82.911324
82.583191
79.192680
72.713310
67.079376
80.537270
70.699883
91.716019
68.076523
54.322968
59.182034
74.846298
87.781609
90.473061
90.314682
56.448891
83.008423
99.283775
65.533920
54.912075
72.685356
53.135517
64.938698
71.736984
69.825043
73.678055
41.044556
72.298454
78.393204
62.678116
52.836239
72.184898
44.013680
86.752502
67.656395
91.142441
71.296097
61.709763
91.486191
87.599106
81.827293
67.800644
49.612499
56.555023
92.751801
75.812012
65.692886
65.323799
72.090576
44.236980
73.616272
102.864159
75.539131
87.819351
44.705021
93.659294
62.120449
76.166138
81.094414
99.373215
71.085915
78.087105
59.884171
60.272022
78.545837
63.394741
82.484489
73.500130
67.656990
87.989456
64.415207
76.739639
64.333374
64.745796
85.863647
78.056839
45.136169
86.438866
64.287796
77.760330
80.693123
35.765182
83.401184
118.858887
83.513504
84.664360
62.920242
88.554626
64.617622
90.416100
80.603302
60.146492
75.336281
57.711311
96.210373
123.644379
65.546539
98.162712
80.512650
99.608727
89.644707
101.945099
75.313728
76.182564
56.672043
68.617226
83.210594
78.842201
80.966293
93.024750
84.777328
79.654282
50.405926
86.169754
61.398384
74.220863
53.350414
102.646721
159.363800
67.439468
85.776207
114.252953
50.740662
65.405746
56.711243
111.432869
68.966019
83.842636
63.309238
52.978664
71.526367
102.908340
101.261971
80.284431
87.388023
74.476212
63.516247
60.540543
100.370781
85.416229
73.971191
61.158066
67.460243
82.343864
77.944756
90.901939
106.140221
72.890388
105.004112
82.494507
80.327721
51.578606
61.993858
87.231270
133.631943
51.244209
85.242096
62.440125
89.400917
75.668304
112.161331
65.553078
69.854736
109.330307
78.611938
84.552727
88.577705
71.700935
94.980202
57.459061
65.762306
67.816734
63.878319
80.412376
107.176140
91.819542
104.663788
60.293434
92.350594
75.479591
68.272141
99.635666
88.609161
70.789619
53.658920
111.051743
81.653992
110.658691
71.087067
56.119244
77.011185
77.059441
82.371231
86.605782
117.181526
66.429909
53.204659
101.764549
89.018219
95.741417
78.758606
92.360863
163.254776
42.969616
80.973610
73.946190
59.570736
96.590179
86.708176
65.456764
58.791405
108.154472
78.730179
69.776512
68.893257
75.019417
80.403351
102.880913
152.777557
83.684509
70.597977
60.971199
64.849518
57.803497
70.670944
88.592484
76.248352
83.560684
106.229340
50.271652
60.519520
73.621147
70.345436
63.787514
65.874771
87.151260
108.690765
54.448696
44.539936
103.420982
73.473763
127.476944
42.669865
73.017769
87.749519
101.374741
102.036957
76.786957
78.936859
90.060928
81.336792
64.548203
109.737869
123.335503
133.126602
93.164413
73.755280
78.815178
78.410271
74.123169
102.971588
77.374840
74.753296
91.560829
43.507622
68.085678
69.444916
58.038448
59.112808
97.259094
78.960014
73.941673
35.536484
91.609337
100.754112
108.581886
93.265160
81.033615
130.171707
70.084869
58.097534
79.054543
116.456573
103.032249
67.061378
101.573990
114.637009
87.681145
95.883232
106.931023
73.718674
102.085304
52.155975
68.114143
82.639870
108.468941
83.968933
121.681519
62.510384
74.517227
70.265976
111.986908
59.216061
142.585373
61.484787
89.555038
111.902275
100.946571
107.282265
99.846901
82.717239
119.960426
73.455551
87.806564
80.427376
75.229996
67.882812
76.813202
87.976654
107.317284
79.233223
68.347023
102.921440
82.616470
51.987061
71.732498
73.037727
65.009026
88.108978
66.475372
83.543213
122.083237
62.861000
82.202705
94.143639
93.620674
85.176971
91.139038
126.949554
84.412109
70.313179
74.210007
50.012489
83.019325
67.191849
97.768227
76.906395
106.997185
67.273254
97.119347
56.838593
97.941589
51.170250
98.705994
102.084091
91.812904
81.218208
87.063705
121.511520
49.548424
92.310272
77.659798
85.756882
84.434769
86.219269
113.892754
91.751732
71.759384
72.774887
107.776283
91.491341
108.362091
99.774117
105.635841
104.952522
56.525448
65.415237
68.719177
74.080421
91.571388
80.181030
100.351341
70.196388
90.331276
51.655552
68.544724
105.372284
106.096153
62.516811
74.903015
110.049629
77.107254
109.956558
97.049637
57.636929
90.806793
90.238831
104.004440
81.740395
102.683861
94.341454
83.647003
91.211494
71.938972
53.931198
107.039314
104.907623
84.077148
86.198692
99.444366
88.455620
88.844902
98.690758
127.038094
79.905342
90.587975
60.061806
88.030602
83.861771
77.139175
84.087784
91.903465
122.920364
66.268082
77.271530
112.071030
108.865417
111.803474
68.441055
66.491875
90.417450
100.455330
96.166306
99.183945
82.620140
69.775658
91.706924
90.952583
71.218605
107.853149
56.254761
122.785500
93.182343
100.539139
69.002960
115.596268
116.566071
40.599483
83.558182
42.173470
87.381821
122.597115
76.481400
103.452499
78.393005
79.858635
63.812462
79.320778
85.888107
101.172844
66.344437
79.684387
70.330528
114.575401
104.495552
140.662827
69.450951
114.199493
96.531036
111.017342
71.094383
134.653320
83.977600
66.979439
123.384293
107.780235
90.894196
107.150169
58.253891
61.093086
73.561302
60.049911
70.702232
102.395309
99.967369
78.907219
82.851425
86.986572
79.994370
64.433937
114.588509
87.349754
82.847000
95.267822
69.171783
111.417961
142.044022
99.208405
134.226395
97.258438
54.017277
65.273468
106.018234
123.151665
95.030403
84.931870
106.882957
100.688637
86.287086
70.128204
119.516266
99.390396
90.339294
126.835335
122.822342
86.284584
122.752083
122.155205
64.369011
63.529167
111.344666
97.362701
71.348068
137.292267
111.205193
154.138016
94.509567
83.474953
96.230026
68.778786
87.989693
63.994293
99.599464
100.902283
80.869308
90.302864
72.942963
57.924721
105.105232
98.168373
81.792999
68.151665
81.889885
105.426926
108.009857
113.530647
99.925446
78.573036
68.228493
91.006516
104.116295
111.930962
120.818283
80.854080
78.800842
74.038582
102.328537
101.268608
118.575745
157.876038
107.111732
124.546455
84.724312
81.304504
101.500046
113.070091
68.469116
84.020172
81.739227
97.485687
110.284256
107.750847
80.843018
125.427856
99.862846
85.224487
119.303085
107.084846
144.679779
76.228348
75.814011
115.216774
117.695724
102.940147
98.331291
139.867523
105.484932
100.473213
73.045837
72.157303
89.509697
61.370243
91.036308
85.035370
101.304863
94.997650
103.893906
102.002586
104.569290
108.262337
67.072273
46.262985
112.994713
79.392639
98.929718
69.986053
130.270630
90.260109
102.831810
102.628227
33.353676
107.817795
121.703865
83.012352
131.224686
79.794952
73.497505
135.768616
96.607956
118.615372
124.366676
49.423588
65.816635
93.239510
122.952782
105.695290
80.370476
124.083122
132.363251
86.842270
64.856544
90.550659
83.246872
118.309586
82.487038
54.470589
115.656898
46.228943
60.587181
84.377014
127.947891
77.645172
99.587555
109.503250
101.724503
109.074387
75.240593
102.515419
60.856899
78.676376
82.123161
75.250664
94.126610
134.994415
109.241005
79.449303
93.053513
120.665154
99.589088
117.254143
94.304260
57.781605
84.986954
58.756134
58.525543
109.561935
48.998024
94.716759
98.091934
63.060940
48.635609
94.033485
96.433914
114.810379
113.274330
95.583092
79.879021
129.608780
153.195374
114.520638
126.188362
84.083702
112.893456
63.909367
128.228516
73.519348
104.511284
100.173203
78.861877
81.776375
163.531693
110.789986
129.414200
69.590088
152.487396
76.188309
64.441788
170.688095
92.130890
107.196556
124.979256
72.071793
103.719078
91.274750
90.856285
99.604202
84.381363
129.657639
91.612991
104.932053
103.072639
120.091148
134.961853
101.667099
136.483093
127.159149
74.895317
82.813873
130.574249
126.913979
84.318718
84.359390
105.934258
108.286880
128.049515
75.510948
75.992805
47.443909
61.280865
88.634895
110.367790
73.522179
65.412804
74.723755
109.900146
95.884941
67.439629
132.894272
135.170227
126.270264
84.245430
92.548958
156.102036
78.004860
105.623932
92.116051
73.377495
78.864563
69.458191
79.017052
115.387726
115.634964
102.185944
84.923676
122.691772
71.288742
77.812897
91.791527
90.749588
110.380119
80.559654
85.014069
96.510262
107.484726
59.149097
115.283844
84.454338
66.052704
93.397224
98.232521
131.562531
87.237625
133.163742
106.152946
103.032372
116.216545
84.530975
96.872604
85.397079
100.191269
86.601723
69.927452
80.963234
82.523598
92.089966
69.310318
87.335060
94.883347
66.967140
101.933037
107.409355
82.395988
90.584099
85.532501
124.552971
103.571739
122.828255
97.433220
103.795471
91.899384
104.563812
123.686394
119.209076
88.617081
142.850861
95.037735
84.595398
39.102791
70.273682
102.251450
76.242767
95.948372
83.989426
112.277290
119.502220
110.646324
118.208809
103.065842
77.292114
81.181549
83.987366
55.316467
116.217384
131.676865
72.142433
99.468620
93.911713
67.024727
103.429192
112.356827
121.463837
130.102188
81.997612
89.150513
83.913712
90.879723
91.061188
92.201241
94.834610
85.641876
59.754204
36.617981
117.995949
174.135971
92.255722
61.610046
84.289421
105.644165
94.347153
138.465469
120.203278
92.946022
73.273087
81.119034
95.702599
104.141129
119.537537
117.264671
59.272011
80.379875
65.272362
111.394478
96.642899
106.772049
69.463516
102.835518
122.018242
72.671417
97.946968
119.445564
95.727402
127.348465
133.892334
90.949020
78.781075
120.065521
53.529049
54.175785
112.021759
92.541023
108.294220
111.805161
72.075012
112.946617
96.011917
89.023750
114.057404
134.915955
93.610977
102.706741
112.310097
119.283463
