4.230100
10.901114
13.186417
11.645106
7.458924
9.572853
13.935830
12.504692
13.259912
17.068417
17.009527
24.459454
15.949829
18.564243
21.866707
20.928585
21.372849
12.487180
17.509480
18.446690
21.898621
21.925488
19.167740
26.558319
17.171906
33.631756
27.638117
19.204441
25.530107
20.732006
25.293596
27.979521
36.362164
29.308199
25.667458
43.515259
19.050890
16.664579
14.369537
50.406910
42.292919
43.699589
32.197517
38.886726
32.276653
36.713913
35.449203
31.058212
29.738056
37.807320
51.282738
29.841423
23.019178
28.921730
48.871868
39.447285
30.894264
37.669659
43.114330
34.708847
38.018776
24.396225
27.428339
46.649452
37.432064
26.540028
56.128326
44.558971
41.270649
52.419666
44.488625
35.356171
38.290340
42.135513
29.132574
46.524658
47.279327
41.636112
33.973022
42.918579
57.399933
38.291210
53.423805
54.594341
42.457272
54.220051
51.748913
31.771343
41.944183
27.298803
60.275997
46.468578
30.254000
54.131439
48.210136
49.181797
40.186432
51.788826
48.432190
39.352825
58.557194
52.048901
58.042030
58.866196
37.566124
52.648834
39.238049
44.169857
75.599983
46.229610
33.016701
52.694641
49.920059
36.423252
39.928661
46.278931
57.651836
63.432636
49.436653
48.469715
32.915520
27.764694
63.721115
38.424858
30.257843
53.013565
50.147068
61.248444
52.567886
56.401196
45.773872
53.303780
64.366852
65.666245
62.933392
56.286552
54.610195
63.652016
55.935116
76.331352
50.165878
42.921803
47.292046
56.257050
62.548100
69.062477
72.797661
46.043537
64.909950
81.724770
49.735474
45.487881
55.478680
40.629490
50.193027
56.793232
54.917171
58.554188
31.322767
58.072380
59.426018
50.155003
39.409252
57.976429
35.448811
64.821762
52.810444
67.893471
56.298489
48.122494
72.103165
70.843315
60.605789
52.145588
38.373051
43.974323
74.150200
56.205132
50.567150
49.695724
52.708004
35.386414
60.029564
77.994507
58.461952
67.766060
34.122387
72.530594
48.467239
57.998951
60.185867
76.351288
55.577209
62.229130
48.241947
45.822254
59.689697
49.073032
63.781082
57.897160
51.034367
64.745407
48.045937
58.102211
50.505489
48.255302
67.682007
61.064430
35.223324
66.409569
47.086319
61.732166
61.698372
28.551947
66.251404
94.652245
60.760132
65.752151
47.021618
72.719460
47.677246
71.868004
63.076927
47.140049
57.194679
43.541271
74.597824
96.561501
51.832207
81.669479
62.546288
79.871628
71.177933
82.638519
57.057648
62.300915
43.818356
52.409786
66.786888
58.623753
63.247955
68.697105
65.959259
63.843410
40.755665
64.710182
49.413036
56.900581
39.696800
79.506721
127.912613
55.523449
67.956772
87.412048
37.131477
51.655567
43.485947
90.103165
54.746387
63.333302
51.278652
40.689274
57.009068
81.269112
76.722153
63.036678
68.719231
57.755829
52.092522
46.731640
78.480927
68.218147
60.430691
45.384357
52.199123
66.436829
61.544090
74.483040
83.420181
59.285339
80.914017
64.941292
63.842030
42.252319
49.087753
68.915718
103.231918
41.541065
68.989357
49.479782
72.205841
63.965008
88.695374
49.946190
53.740246
86.242340
63.730812
65.627182
69.251389
56.762821
73.528305
45.317543
53.062584
54.598507
51.192669
62.179947
84.713585
74.439232
85.334747
45.916615
72.580544
59.910778
53.724915
75.842133
71.245514
59.104462
42.320549
85.136017
65.258247
89.081703
54.066505
44.516182
60.357292
62.631481
67.949692
71.353432
93.187912
53.968807
40.356194
78.249619
70.853745
82.393921
66.537735
72.305824
126.226402
35.058018
65.574692
60.576107
46.082542
77.414642
69.768158
51.180393
45.209896
86.339233
65.811020
54.367405
56.662052
59.817120
62.213226
80.115623
126.630150
67.562088
57.961746
48.527237
50.645313
46.137779
55.301231
72.116119
59.013607
65.930176
87.891441
41.864899
48.477802
60.259251
57.309425
51.348724
52.878105
71.157692
87.755882
46.964630
36.508450
81.756081
61.288338
103.999695
36.097038
61.601830
72.432686
80.398079
85.589973
64.479073
63.719833
71.702293
64.224037
50.473412
87.203087
103.536980
105.132614
77.746674
59.284370
65.094055
60.947948
59.747086
83.447090
61.891972
62.642265
76.408760
35.092892
54.716057
57.796322
46.429035
45.125889
79.190811
59.416954
60.139549
28.757544
76.971077
81.124832
92.896294
77.486305
63.860222
105.075745
53.003147
48.080112
64.915367
93.941628
78.627289
52.200085
81.262375
94.328842
70.082275
80.178505
84.368713
58.028732
82.223083
44.593151
56.805676
68.129395
91.800346
71.163872
98.969986
51.257580
58.694817
59.741577
88.888214
49.256195
116.420509
52.469513
72.649239
93.896889
84.806114
87.487122
79.844688
67.265564
98.847374
57.898399
70.507515
64.194122
61.479259
57.136505
63.666798
76.196930
86.064400
63.840466
55.834270
82.218170
65.273987
43.373020
57.555229
58.212196
53.627808
72.902748
55.271957
66.837799
105.748566
53.827152
68.322174
75.863358
77.638474
70.921700
74.668480
103.344757
70.872284
57.356480
62.346432
40.293655
68.567215
54.116837
81.949013
66.442696
90.749138
56.591328
80.266891
47.886337
81.611771
42.705780
79.536270
86.486984
73.611740
65.909126
72.427597
100.750481
40.746284
76.966835
63.632133
73.203468
70.929749
71.735916
93.830551
76.304482
56.554550
61.170456
89.488297
80.433586
89.604614
81.215469
90.285347
85.549477
46.915924
52.936920
58.751232
64.391090
77.205635
64.905563
86.389824
56.711632
75.403336
41.013977
56.651443
88.126122
89.089600
50.939320
60.776134
87.127251
64.838036
87.492691
80.497169
48.027855
70.822998
75.995270
83.985153
67.187279
85.519035
77.718071
67.909821
77.827538
61.431889
45.276424
87.321579
87.991081
72.305382
75.434212
82.107414
71.880417
75.731903
85.934166
99.798012
71.248032
76.108963
51.660130
71.856667
69.511879
63.354958
71.204063
72.197838
101.154259
54.135696
63.322910
90.563942
92.506065
96.070625
56.454262
55.661381
73.645210
84.460976
77.892891
85.846741
67.878311
59.367298
71.485016
78.736320
58.140980
90.499008
46.561230
105.825989
78.901100
83.429321
58.654015
96.746056
95.905769
34.858845
68.551079
38.255344
73.885445
102.882805
63.445896
84.135307
63.146595
65.383873
52.805752
65.673286
71.886307
82.871429
56.543743
67.597008
59.763283
98.773308
90.499275
120.093262
57.736931
92.525681
76.469193
90.051193
61.470062
107.413063
70.609528
58.737156
103.543945
88.269753
76.312759
92.986732
51.897995
50.766029
64.650780
50.050758
60.330929
85.196548
85.658699
65.232162
68.733765
70.599243
68.631813
54.230377
94.187263
73.321838
69.739059
77.694923
57.694977
93.831032
119.601906
85.212227
110.072708
78.710976
45.458206
54.573795
96.128563
100.619087
80.156342
70.256798
92.802643
82.837769
74.034332
58.214016
103.960915
81.187393
76.963005
109.686020
102.065971
70.932495
103.306839
103.558517
51.664307
55.083668
91.662384
79.202942
61.405502
113.410172
95.837112
128.461380
80.098175
67.688477
81.861610
58.899086
75.421310
54.863403
85.856026
83.794395
66.075195
76.595978
64.663719
48.971607
85.532639
83.360664
68.317207
59.332008
69.020378
84.167061
90.396309
94.617294
81.742599
64.301323
60.620106
75.539276
88.488708
94.493713
99.633369
69.548523
66.699379
60.106400
88.475082
85.422729
97.652039
131.210541
87.726311
105.314758
70.502022
71.286964
85.484123
97.036873
52.743893
69.157654
69.660248
82.950218
95.438889
91.444321
68.001076
109.253288
85.773216
73.475258
101.432693
87.043015
124.485893
64.224464
63.619389
96.271957
94.187660
87.824493
83.903938
117.319626
85.517242
87.371872
61.037899
61.335007
75.522919
51.090042
75.745590
71.282242
83.703537
81.116180
86.002579
82.184074
89.779068
91.930252
54.408653
39.824104
94.307884
68.012199
85.216133
59.463955
108.296494
75.751007
87.490471
83.152420
27.166752
92.648643
103.810547
68.682632
109.153198
66.905167
59.975845
110.780617
81.993858
99.831802
109.949333
41.667187
54.870541
79.036667
105.182114
91.190102
67.973335
102.907784
116.163490
70.159790
56.015434
76.094254
70.337242
100.689674
70.504852
47.083858
97.816589
40.195919
52.438259
71.991219
110.062943
63.311810
81.835670
90.809181
84.507225
93.918510
63.072388
87.725136
49.918396
67.399857
69.782463
63.408764
83.245102
112.314491
90.037064
68.078735
80.494095
100.259079
84.286705
102.605827
82.366081
51.761242
71.176865
51.050018
51.017006
91.676727
40.789181
79.967598
85.341721
52.880985
43.251789
80.589104
81.198769
95.816200
93.247467
82.662270
68.469376
108.083969
125.711067
95.864418
103.984825
74.374809
99.248779
54.606678
110.024773
62.250683
85.420570
82.897591
66.806831
68.608093
139.710327
93.387245
111.238655
61.392864
127.009171
65.060646
53.342590
142.417160
78.232735
91.075272
102.995636
62.127373
85.419189
75.165611
77.443001
87.674171
75.119202
108.360756
80.396027
88.721405
86.526413
103.678482
116.768852
87.726700
116.593285
105.829437
63.254250
72.161865
110.320618
107.037262
75.606636
69.109039
89.431358
90.446472
112.055901
65.384163
63.593922
40.520641
51.296932
78.085815
94.458191
60.013962
55.497002
62.983952
90.874840
82.237694
61.217472
111.173096
117.298874
107.584778
73.134956
78.942604
131.985748
63.944012
90.033684
77.146782
65.000191
66.119453
56.186043
69.058495
95.426437
98.232307
85.285133
73.643990
105.855621
58.113445
64.504585
79.491943
80.160233
96.190765
66.800644
74.193314
81.903038
91.910004
52.446064
97.521797
73.000824
56.092331
78.815948
83.717766
105.297333
73.650238
113.483215
90.227211
87.518105
97.450493
74.800926
81.996300
71.196907
85.397743
74.645889
60.055870
69.625786
68.708633
78.377655
59.484970
72.957626
78.372658
57.959171
84.672249
90.358849
71.169701
78.720711
73.425240
102.322731
89.871773
106.082184
85.821785
87.967079
81.400314
89.043610
107.755203
101.194847
74.066963
121.907997
82.023567
72.046974
32.373817
60.914127
89.934212
67.063126
81.893669
69.229713
95.424751
106.223572
95.351265
99.092194
87.965790
68.291382
66.637901
73.303932
47.224072
98.988892
111.481491
63.728954
87.770660
79.994827
56.686237
90.828423
95.870712
104.303886
106.802353
69.052765
76.681419
70.038467
76.334297
77.354546
79.897179
81.820572
75.396965
49.882221
32.835743
98.588181
150.814392
77.297043
52.911026
72.754654
91.008698
78.764221
119.142570
102.050591
80.403831
62.380062
70.671570
81.485092
88.555786
104.909637
99.559456
49.440777
67.556969
57.260124
94.712524
82.176933
92.277138
58.252106
90.010773
106.314026
63.644001
84.668190
105.112663
84.015427
109.503044
116.747505
76.272804
65.407486
97.896713
47.192146
47.691879
93.873268
81.284317
93.468452
94.622391
63.751556
96.878197
84.000244
75.807304
96.743019
114.933121
79.901459
88.768509
99.539207
105.880348
