5.404348
15.995194
16.698687
14.925238
9.813968
12.168493
18.028454
16.212303
17.312845
20.880192
22.437405
32.559464
20.366125
22.735519
27.435963
29.414246
27.955698
16.440252
23.780239
25.122553
28.413260
30.132742
24.440067
34.742310
22.889519
43.954990
34.495998
24.527225
32.195580
26.335180
34.094368
34.133556
49.038765
41.273243
31.351948
53.839336
24.520767
21.307240
18.220512
65.263039
59.024200
56.131996
42.280159
50.045296
43.486687
46.596848
46.325253
39.718380
38.917427
48.057083
63.703709
39.821079
27.599617
37.631554
60.412006
48.215225
39.920586
47.841484
54.481163
46.044098
46.561119
30.195242
34.786938
61.025772
48.473412
37.606579
72.831657
56.941582
47.842419
63.487877
54.569111
42.831467
49.896290
49.663231
37.527496
59.823231
57.867188
52.850975
42.013626
56.698009
74.485161
50.378998
63.354237
67.734314
52.347538
69.409821
63.767651
41.889336
51.647182
34.909061
76.398987
57.393890
39.048759
67.069229
60.629177
58.442287
49.189537
64.395271
59.126225
50.776520
70.430580
61.069103
70.113312
70.580589
49.505787
65.919708
47.427261
54.783195
92.183105
56.724712
41.788265
64.076706
59.025761
43.543621
48.467598
56.531715
72.809212
75.128593
59.406075
59.380692
41.300835
34.223404
78.638542
47.056053
37.113010
63.314625
60.085926
74.822327
67.098770
69.066505
54.530861
64.636597
79.437897
78.745644
74.061752
69.753639
65.201180
77.894920
68.976456
89.088951
63.200817
52.040337
57.411602
71.274734
82.257118
87.205994
85.358223
53.115990
78.485825
93.722755
62.227802
53.303398
68.214485
50.157810
59.702263
68.106842
66.511475
69.289734
37.609215
69.656265
71.307846
58.377434
48.445492
67.554443
41.871567
78.813957
65.375839
86.741226
68.269753
56.154793
86.329048
83.649864
75.131699
63.598049
46.239365
53.257202
87.080391
70.953796
62.036427
59.650932
66.319061
43.319565
71.802742
95.812157
71.535187
79.726532
43.609482
87.386284
59.836292
70.981796
71.508484
93.181305
67.242035
74.139137
56.235344
55.686630
75.136124
59.782459
74.077576
69.542976
64.305038
81.102875
60.167480
69.539215
59.321774
58.807098
81.176575
74.018051
42.304893
78.986313
58.178471
73.731941
75.516525
33.950672
78.295258
110.905014
79.574478
80.975174
58.239746
85.856087
57.466034
85.689285
78.639442
57.429607
68.198708
53.480873
88.001411
114.093689
63.107063
94.571289
73.512901
95.454796
83.718880
94.653168
69.517334
75.133804
51.656738
64.687294
78.378525
72.901268
75.923706
87.129761
79.259918
74.670273
48.278194
81.918343
58.041813
71.136795
48.694916
96.606285
150.402695
65.380768
80.461205
106.998428
45.972961
61.741550
54.814243
106.120903
64.432495
77.269974
60.275898
48.394268
67.793617
97.709251
90.526459
75.710571
82.495560
68.855194
61.758224
57.127987
94.328773
80.333122
69.365898
56.348316
62.761295
79.270454
72.881447
83.473389
100.134239
69.272980
98.492882
79.329506
76.191734
49.671703
58.914494
83.903069
123.379433
47.870987
81.129242
58.791561
83.504539
74.262650
105.056061
62.544598
65.109261
104.624039
75.995010
79.048790
83.758362
66.838005
88.219841
55.288380
61.341602
64.997353
59.517818
73.668098
98.779457
87.551819
98.536942
56.319382
89.737785
70.036514
63.571125
92.994202
82.554611
66.767784
50.876713
103.000175
78.487061
102.370537
65.048431
53.507904
73.339676
75.145203
78.162041
81.233635
111.907906
62.268806
50.674683
93.146889
83.352982
92.154709
76.337334
85.450890
151.862946
41.290466
77.581779
69.168350
53.584484
93.511009
82.714149
61.069691
54.304184
101.318581
76.448105
68.118393
65.064056
72.473602
77.201057
94.294838
145.097321
79.840660
65.609444
57.868717
60.561054
54.600616
65.662277
86.494919
72.216675
80.431511
99.726540
48.786983
56.840256
69.553879
65.951096
60.119797
60.570374
83.629845
101.948112
53.026443
42.309540
95.777664
69.026604
119.782776
41.370361
70.715019
81.857124
97.109695
98.527451
73.739754
76.552330
84.893280
75.631203
59.309322
99.399025
116.285973
126.968132
89.316154
69.300461
74.993980
74.276093
67.991959
94.965218
74.229485
72.677887
87.913254
41.060284
63.404026
63.307392
54.330517
55.697414
91.289215
73.255936
71.121979
34.550884
89.892120
98.725815
101.634026
88.490013
75.361420
123.530006
62.135384
54.980556
76.791267
111.856804
95.081879
61.808689
94.794235
112.200302
80.201225
91.864456
98.138474
66.998718
96.092575
49.809036
65.656677
79.899910
103.658386
81.231285
112.133522
58.130424
69.206474
67.029762
104.418594
55.283806
135.808731
60.124557
85.687553
109.044907
97.115608
99.242264
96.587357
79.872269
114.841316
67.734695
83.961853
76.071976
70.308029
66.695312
73.719879
84.669632
100.903694
76.663704
65.238083
98.443916
76.983170
50.409580
66.393257
68.889580
61.778709
82.975235
63.119789
77.416428
120.194199
58.376717
78.270363
87.755608
87.292076
79.413750
89.821564
120.965370
79.390900
63.547283
71.072891
48.402401
78.486443
64.617737
93.890488
73.732780
101.754799
61.595726
92.098915
54.597210
92.009415
49.826672
94.217339
99.689644
84.998337
77.452423
85.212372
115.673119
46.477150
87.894974
73.503502
83.043259
80.884911
80.352478
109.415298
89.088104
64.952621
69.221977
101.860367
87.628304
102.508232
95.973099
101.889725
98.068100
53.646736
62.933086
66.832657
71.534492
88.805489
77.030098
98.502502
64.509552
87.444466
46.436832
65.241974
98.913795
101.850624
59.217907
73.700829
105.112373
73.308693
102.505005
91.372864
54.461472
81.757889
83.899536
96.387985
78.196228
96.717575
90.070724
79.595253
87.947250
69.812286
50.627651
101.556572
99.961716
79.763275
81.301285
93.058945
83.922485
84.986229
94.271851
117.217865
77.160591
87.262070
58.040386
83.319450
82.461143
75.820358
80.411362
85.218025
114.355263
61.050800
74.806381
102.860939
104.465775
108.259155
63.396358
63.395351
87.836922
98.370430
91.666672
96.261208
79.117676
66.338104
85.983604
87.589531
68.049026
102.977249
54.065052
115.558350
87.774475
95.530495
66.692200
112.072166
108.059578
39.157536
80.320450
40.756405
81.956467
118.135132
75.837105
98.293175
71.446548
76.536148
60.983437
75.618568
82.779610
97.395332
64.912285
78.251770
67.352882
109.111069
98.977119
136.360214
64.353828
109.055046
90.671738
106.474602
69.929459
124.904510
81.656944
66.892235
117.821686
100.359932
88.877052
104.407944
56.638046
57.937656
70.329933
55.424763
66.528496
95.827515
93.999809
75.766182
79.665443
80.568375
74.960770
62.340027
107.843018
84.199478
79.409203
89.546883
66.860565
104.678009
136.559647
97.164162
129.672241
95.213631
51.855663
63.538532
103.389999
117.713539
91.001404
81.830986
104.720398
95.202316
84.185989
68.661865
114.968483
95.250267
88.583679
126.445091
117.158897
83.552574
116.426414
115.525200
61.151512
60.546474
106.966820
93.826576
67.270370
130.743347
108.839203
148.576492
92.136391
78.610779
92.130219
65.861580
84.864067
61.599323
96.732147
96.043236
78.191986
85.054939
72.693695
57.149422
97.681511
94.796768
77.201797
68.163971
77.724464
100.078773
104.184708
108.226051
95.760590
74.933258
66.737221
87.302353
98.621910
106.545860
116.215225
80.825645
76.351532
71.677719
98.893585
98.659157
115.165092
151.593140
99.760605
119.271454
81.024048
80.383774
98.905212
108.361649
65.561127
78.945610
79.061539
94.257133
104.309593
103.326187
77.113686
123.430389
98.781830
82.727432
114.263359
100.825142
137.053268
73.103134
72.644882
110.792976
110.601723
100.577332
92.205986
132.156326
100.334656
97.940926
66.594254
68.349388
85.515419
58.671860
87.509186
80.093132
95.802544
92.567169
97.180779
93.728409
100.691589
102.798447
63.898827
43.907516
109.156685
74.039314
96.273155
67.713219
124.500832
85.065651
100.698128
97.307121
30.553286
105.281288
117.501411
79.928726
125.972862
77.401268
70.054512
125.200500
92.971138
114.981606
120.368065
45.131756
62.462093
89.565384
119.367599
101.858345
76.789253
118.732582
128.651474
79.673264
61.974827
85.604507
79.928345
111.735405
77.397179
51.119915
109.081627
43.341244
58.364071
81.891953
126.114899
71.817749
92.565666
104.771103
97.309616
105.154907
70.658791
97.460518
57.559460
75.330856
79.530342
71.994125
92.959763
128.107178
102.079315
75.927856
90.829605
114.722252
94.416832
113.388229
91.593483
56.208721
79.318672
57.398510
57.210072
102.503639
46.668728
89.665077
94.276840
60.122807
47.349125
89.649551
92.328926
108.876976
107.724274
92.652985
79.232765
122.236969
147.340958
107.897026
115.735306
84.265709
111.104126
60.998333
125.328911
69.609230
100.392357
93.365814
74.181259
77.169952
158.216614
105.207588
123.314285
67.029007
143.906555
74.318375
61.178276
159.346497
90.768013
98.120491
119.678543
67.684464
100.082382
85.787476
87.304733
96.387474
82.272652
124.109840
87.103600
101.724464
98.806725
114.992920
133.756897
96.340897
132.045837
116.720139
73.205048
80.565376
124.679878
118.405777
83.436890
80.606659
101.955864
101.865036
128.381577
73.198189
73.529984
46.189499
57.892124
86.091766
104.449974
68.250908
62.972313
70.252602
104.874596
92.424622
66.845749
126.076767
130.032837
119.501579
81.379364
88.093170
149.633347
74.284302
100.686493
87.023346
71.200645
76.169426
64.355217
75.009674
110.961159
110.482346
98.578575
82.156410
119.069344
66.339256
72.715637
88.416687
87.456879
105.965935
77.224594
81.542023
92.946777
103.523483
57.443520
107.387611
80.510956
63.194939
89.322304
95.596039
123.703285
82.862968
128.490234
99.875443
98.739624
107.738831
83.236847
89.885071
79.715317
96.752281
83.867348
68.923935
79.642677
75.213326
85.686592
68.273804
81.740379
90.459305
65.304024
96.436691
103.103722
78.117546
86.554024
82.855637
118.473969
98.573631
116.099426
91.735718
100.899727
89.461166
99.145164
120.498474
112.624954
84.502563
137.459259
91.760246
81.691086
37.267780
69.264023
98.789291
73.816994
94.186310
78.081848
108.947266
114.987526
106.269691
113.785912
99.496765
73.187599
77.804649
80.725594
52.910454
111.955460
125.723480
70.022186
95.817841
91.137749
63.310230
101.226532
108.731926
117.301208
119.189789
78.411507
85.297585
81.695885
85.312592
85.821304
88.766197
92.696121
83.998169
55.471767
35.966202
111.160439
165.690598
85.795441
56.542004
77.579582
101.744446
88.102394
132.183105
113.376724
90.619110
70.534317
76.966179
90.109695
100.500580
113.681007
110.520630
54.085831
75.697998
62.386414
105.085686
92.244186
102.834656
65.496925
99.161880
119.546204
70.358765
92.792145
116.498375
90.420242
123.444618
128.765366
86.037308
73.944191
113.989403
52.567234
53.602589
103.813217
88.602463
102.851181
109.028099
70.063835
109.090706
90.718575
88.006676
106.088539
130.295578
89.529556
100.701630
109.871971
114.962410
