65.337234
146.571320
166.681396
136.126007
77.636612
108.942131
123.503685
97.581505
93.187637
121.442215
141.076096
168.127365
110.952110
98.428543
135.988983
124.963135
130.180603
71.916008
91.153648
103.207230
106.354530
115.789246
107.742088
143.344086
80.098412
162.380783
125.859825
94.021927
111.819275
93.292625
115.318916
141.723480
147.897705
140.138489
106.861656
164.876862
77.778648
69.741501
61.982750
167.002029
149.562057
169.764648
129.661377
166.634064
156.831207
149.760971
120.046547
122.477081
96.052826
148.631836
180.020737
96.321014
71.469215
101.791084
154.596359
141.510452
107.483994
140.215759
153.904678
108.147018
120.953293
89.614311
88.091606
131.685501
122.764816
79.630798
199.644547
148.132431
120.095291
164.490326
134.064774
98.970535
117.573517
128.020035
90.619820
159.550125
158.466827
142.166809
108.923714
142.317261
176.623672
124.590508
164.851654
155.225098
123.818069
181.058014
154.775055
94.474991
129.053314
90.250313
179.615753
139.423874
84.398720
165.765854
134.173920
144.636353
117.576363
157.345428
126.783447
117.515274
147.538193
128.975555
161.121902
144.460602
114.946541
145.542511
108.364708
122.692642
195.988037
123.858795
94.383217
143.180130
126.498337
97.768288
108.711960
118.634514
147.206528
162.170425
123.807594
133.800446
95.075226
73.403008
163.308060
96.244629
81.871506
136.990906
129.396271
165.249634
150.358795
142.341202
129.403503
140.016479
165.009796
165.493683
164.708099
134.321243
137.193741
162.813446
130.560043
200.124817
137.905579
95.863068
107.557999
139.426910
158.707336
182.150818
170.764389
109.460159
170.478088
190.808914
126.194992
106.795013
131.801636
95.234444
117.470459
134.826004
134.969116
142.412033
86.140152
145.280899
145.042908
109.010223
101.456039
138.892853
87.684570
171.451813
131.978317
174.170303
128.565308
104.895485
170.641647
153.304962
148.988541
135.881897
87.084457
117.560181
163.515335
126.827614
135.998383
117.938347
145.451080
75.184250
131.799667
189.843399
143.104248
148.567398
83.761971
170.341446
119.975533
135.461594
147.662781
185.130157
136.068710
135.533768
109.777695
107.404335
133.879425
109.435631
138.712891
127.465263
122.320923
166.670670
112.766083
146.986786
107.040733
114.854004
153.398468
153.489670
75.326111
154.252594
125.269989
142.631454
165.398010
60.378216
145.340271
224.236160
164.444321
150.322296
108.773178
146.748367
111.570305
172.054230
142.667557
116.329903
141.673218
102.999443
184.879868
227.719299
108.880646
170.532852
133.532257
169.884796
152.149551
189.093964
133.637253
122.751175
99.527931
105.898537
141.622528
134.848175
139.557373
168.471619
141.962601
127.430176
79.626556
151.965347
107.725769
115.173706
95.376518
187.042053
278.677399
118.184952
141.678970
199.729919
88.985512
105.398392
93.657219
207.916412
111.824677
140.887390
111.859146
86.679733
129.471329
174.335114
162.814285
132.325989
157.461914
131.635971
104.218239
100.569427
169.987503
139.359894
113.347466
100.937141
119.518105
139.438004
128.748093
155.136093
166.210663
116.437119
188.732193
146.119217
134.260315
86.518631
104.792656
143.896286
222.672272
87.992249
147.767624
94.960556
143.346329
123.530884
181.776962
114.283356
112.472786
185.680939
121.073944
143.746933
144.999527
121.300934
153.685898
96.467445
111.255783
110.156670
107.948463
131.229736
170.419983
146.987076
166.614929
104.780792
152.117096
120.821312
109.551353
173.626511
145.037140
113.456329
88.157478
181.969681
129.848938
197.246002
124.417183
89.038811
134.954788
125.444298
132.128708
135.426010
183.334229
96.520874
92.302322
171.890091
145.959763
151.487106
118.584435
152.529053
280.576019
68.521164
130.006638
122.759460
105.259964
154.941315
140.259201
108.197296
102.761452
166.358810
118.567024
118.398956
111.695518
118.016045
121.617989
171.709396
243.595627
131.865646
116.256042
91.929070
107.674118
91.964607
123.375740
141.576202
126.409142
135.959869
159.013855
77.911163
101.404343
116.475037
118.400467
103.449074
109.364479
132.594727
165.235977
82.129921
69.819397
163.988434
127.305069
189.154755
61.929825
110.560486
125.523727
161.279709
166.996735
119.675453
120.419090
134.847137
124.131836
102.129936
190.019882
196.268967
209.088715
141.450684
102.382385
122.279785
122.067352
121.044281
157.193985
124.647034
118.309593
135.862000
69.105110
103.631187
102.018509
86.768951
93.965218
161.184753
118.801163
117.120781
48.063576
146.594391
171.388046
170.805466
143.196304
130.814590
186.641205
106.029411
93.240471
128.917282
169.624451
157.156708
107.029755
160.596054
168.410049
141.539856
155.756973
148.239624
116.934769
156.470078
76.714653
111.480888
120.150742
149.471375
124.632858
194.926819
86.081039
119.344719
104.279579
186.587784
95.618034
224.450089
97.789757
138.012131
164.990768
157.492889
163.193039
152.706573
130.027634
190.833862
110.630089
123.655632
129.589050
109.721024
107.168373
124.860115
126.511826
171.651917
113.644669
103.493988
162.403687
130.811310
73.232063
112.400253
104.076393
99.896355
136.513321
102.271233
129.704849
197.457306
98.957588
119.264519
142.503067
139.063171
128.835648
143.376816
207.884933
124.943069
97.069641
116.650490
70.851746
125.132942
97.072441
139.557129
117.834671
162.023193
98.522087
148.465927
86.294861
143.720551
81.907745
158.505936
160.548828
133.745010
121.903130
130.501373
184.619781
74.954041
143.698868
123.924133
121.645332
125.484863
128.690567
171.981232
130.797043
108.409531
113.946709
161.012939
127.681427
162.680603
163.782349
170.804504
151.572067
84.344078
93.792839
101.600464
110.706734
138.487823
125.479515
149.054916
102.417244
137.437424
74.354050
106.887466
149.569687
152.649002
88.976501
121.545570
162.172836
123.573593
171.267776
141.930496
88.442528
144.167847
134.050079
159.208801
124.959572
159.118515
152.093704
124.361732
131.494797
106.663422
77.030983
163.077759
167.657990
119.476082
117.794037
147.675751
138.305176
136.559937
139.663666
186.620728
115.521881
133.628479
83.454880
128.365128
123.283585
114.636864
119.805389
133.041916
183.188660
96.528557
116.331955
165.372162
168.379669
171.147964
94.272614
94.122620
130.291550
152.588333
136.841309
135.681580
129.150574
97.303902
134.863556
132.773315
109.446495
149.039658
80.352463
179.936234
139.005386
145.269592
102.357460
165.223434
182.471252
60.778679
129.342743
62.320511
125.754501
173.534424
114.862076
144.383728
112.587227
117.918289
97.331612
121.548264
122.710228
145.650696
97.719719
115.938103
104.541061
172.057709
145.323410
200.175781
99.235130
157.747696
152.674118
168.326248
105.170799
197.057678
122.238373
91.349861
174.717712
156.841827
134.001694
155.088715
86.291504
86.977280
96.918930
93.030968
101.634056
147.904602
138.262817
116.935616
124.736420
137.735550
109.914589
92.389305
149.122238
130.923996
123.913948
136.686584
93.913933
153.909149
204.916046
141.882904
194.085342
148.867630
78.319412
89.504799
145.448532
184.589539
133.368484
125.219330
164.850800
140.995667
125.880508
107.375710
167.402924
146.115448
122.408455
178.019470
179.230682
114.125931
166.584641
159.640198
90.950714
90.875793
160.157730
143.340012
103.645584
194.584747
157.851059
218.594406
134.630325
120.475128
143.698181
95.958847
123.537514
93.701248
136.526337
146.617981
116.292084
127.464935
102.271568
89.224319
149.952316
131.478912
114.721832
93.287262
119.228027
147.720062
158.569107
163.416275
154.431198
113.170845
91.096191
135.863602
153.738617
160.862244
179.140640
120.251839
103.329521
101.118561
145.024414
144.987335
169.189743
222.339462
153.446045
172.428223
122.705261
114.846008
147.290085
155.042725
100.671394
118.310326
108.845795
140.253830
149.705811
150.096527
110.493828
170.528168
150.667511
124.443459
153.713074
151.223755
184.755478
104.094154
111.733566
158.773193
176.095245
146.172974
132.125763
199.063721
151.249100
130.993454
106.295036
91.881386
122.699173
92.220978
120.081573
117.673866
138.107117
137.745895
139.705200
146.519272
148.454437
150.578568
92.698219
62.694225
168.011169
102.236679
140.774017
94.353195
183.614807
131.345215
149.842178
132.779938
43.725449
144.504929
159.703751
114.068703
185.886230
111.368767
103.605331
196.602936
139.698761
163.866806
176.689880
66.047928
90.320618
126.731796
178.516861
148.175308
113.471329
171.705429
181.167618
117.443718
93.170265
120.017189
119.247658
158.904739
106.016815
70.483749
163.981384
63.833256
83.342224
112.936234
169.942352
107.641541
143.515717
152.482834
138.443863
147.869629
101.999634
138.789352
81.390800
109.143333
114.074722
107.725266
126.354080
194.411636
145.560165
107.804703
129.098083
153.863403
137.648727
154.785904
134.615723
72.803993
114.898239
77.114372
78.936432
155.949982
64.549477
126.008644
132.420288
90.574913
66.095955
127.792427
129.451996
156.826843
161.679153
128.284317
111.789711
173.687622
212.423660
152.533432
170.804947
112.100159
152.854660
84.392067
174.832504
96.784698
149.251694
143.072983
99.627792
110.975937
223.962845
151.204300
185.889008
89.904518
203.399475
98.176529
93.217430
245.985458
128.289871
151.133606
174.694275
93.130241
138.039017
123.767143
122.490944
133.482025
118.864639
187.317917
125.129967
138.964371
141.112717
160.401352
183.380249
139.744629
178.694031
160.075043
103.518448
117.490906
188.817062
178.834534
122.677040
118.760048
143.605591
159.430725
178.153091
103.564529
100.578987
65.582741
83.372086
128.901962
143.899261
92.175262
88.997742
91.919212
141.731262
140.033707
90.897850
177.466995
185.336731
166.439453
114.034454
118.026306
225.249329
112.170746
141.881516
122.349701
101.558853
105.776703
89.336990
108.470596
158.786423
154.452087
142.099136
119.379532
166.084763
97.624588
109.525665
114.514618
125.798538
162.864914
114.486687
121.402687
135.703156
154.970383
76.743790
154.256332
115.909393
87.353485
125.788124
135.284439
173.086060
124.528358
173.022919
139.598450
146.589020
162.058594
115.274963
136.386475
106.863441
137.923660
113.656815
94.878860
112.460602
114.195305
119.960869
96.037048
117.011551
131.688812
91.683090
132.343475
140.548111
114.390656
120.074501
111.521027
173.087387
136.800232
165.713516
122.580139
147.791351
131.343826
146.555603
162.545425
154.398865
130.246689
203.484726
123.534538
115.879524
51.139576
97.982071
137.536850
103.108467
131.255524
111.995209
148.694641
160.055573
142.162018
158.607559
147.878296
101.542366
116.842216
108.987457
75.571548
162.833221
180.501907
91.679428
135.587219
130.919312
82.027161
139.852493
148.670776
160.700897
182.125977
107.859177
124.671387
112.229149
114.753555
127.810829
115.999863
130.138702
114.279228
77.378143
48.362785
149.858505
225.437119
122.705719
82.152115
115.057587
144.863678
117.277214
178.650528
157.716827
125.460114
96.846710
108.216110
127.109421
141.057587
157.860550
157.100998
82.011597
107.552109
89.833046
151.234695
123.045280
144.382019
93.458038
137.161011
153.378922
95.509354
133.346817
164.336182
130.876099
183.963440
191.682495
127.144028
105.862457
163.150253
72.851418
76.378235
140.953308
125.146973
146.399368
155.381302
91.561462
155.052017
127.134422
124.867813
148.992081
182.703369
120.146698
146.457932
159.550583
158.657593
